2022-01-06 12:07:20,157 DEBUG    root            Loaded Command Group: ['gcloud', 'auth']
2022-01-06 12:07:20,161 DEBUG    root            Loaded Command Group: ['gcloud', 'auth', 'print_identity_token']
2022-01-06 12:07:20,162 DEBUG    root            Running [gcloud.auth.print-identity-token] with arguments: []
2022-01-06 12:07:20,177 DEBUG    google.auth.transport.requests Making request: POST https://oauth2.googleapis.com/token
2022-01-06 12:07:20,247 DEBUG    urllib3.connectionpool Starting new HTTPS connection (1): oauth2.googleapis.com:443
2022-01-06 12:07:20,408 DEBUG    urllib3.connectionpool https://oauth2.googleapis.com:443 "POST /token HTTP/1.1" 200 None
2022-01-06 12:07:20,416 DEBUG    google.auth.transport.requests Making request: POST https://oauth2.googleapis.com/token
2022-01-06 12:07:20,419 DEBUG    urllib3.connectionpool Starting new HTTPS connection (1): oauth2.googleapis.com:443
2022-01-06 12:07:20,580 DEBUG    urllib3.connectionpool https://oauth2.googleapis.com:443 "POST /token HTTP/1.1" 200 None
2022-01-06 12:07:20,588 INFO     root            Display format: "value(id_token)"
2022-01-06 12:07:20,589 INFO     ___FILE_ONLY___ eyJhbGciOiJSUzI1NiIsImtpZCI6ImQwMWMxYWJlMjQ5MjY5ZjcyZWY3Y2EyNjEzYTg2YzlmMDVlNTk1NjciLCJ0eXAiOiJKV1QifQ.eyJpc3MiOiJodHRwczovL2FjY291bnRzLmdvb2dsZS5jb20iLCJhenAiOiIzMjU1NTk0MDU1OS5hcHBzLmdvb2dsZXVzZXJjb250ZW50LmNvbSIsImF1ZCI6IjMyNTU1OTQwNTU5LmFwcHMuZ29vZ2xldXNlcmNvbnRlbnQuY29tIiwic3ViIjoiMTE0NTQ1NDQ1MjI5Nzc0Mzc2OTQwIiwiaGQiOiJpZGV4eC5jb20iLCJlbWFpbCI6ImFuZHJleS1wYXJraG9tZW5rb0BpZGV4eC5jb20iLCJlbWFpbF92ZXJpZmllZCI6dHJ1ZSwiYXRfaGFzaCI6Ik5WZUxCQjFpS0hEbUJRYTFPU253WWciLCJpYXQiOjE2NDE0NjM2NDAsImV4cCI6MTY0MTQ2NzI0MH0.IAVlHAk9e2Yb1qZxRLwmC-sRCzV1_tYWKBHBWS6vxUPu5cyZ6oCTfPBSxqaN013dcF-tvU-o6mjQa5HEISjepqEhEa7J-CAeZPoeQpKtdBOYltaG6cRN7kS_ZjXfdnRXpk5-Bn9-zUae6h77BJNWLkoTYW7PEoGxX0eRHvgGFnV4TKAR3thrqP_Rlsoj6_Y0R8lN23-9lra-CozJOrWjgBoAnmF5P9KgCVOw39nm3YX2--eQf1ihZpFzeDuiZcbRLRmR7vg95kfumLUmeEpUqNrk4iJ1_MVWQqL-p7kLLeUqBy4Sp_Fekx6Fuu0ycONDFGGC0D_cOo6J_x9wkh0OBA

2022-01-06 12:07:20,590 DEBUG    root            Checking for updates...
2022-01-06 12:07:20,632 DEBUG    urllib3.connectionpool Starting new HTTPS connection (1): dl.google.com:443
2022-01-06 12:07:20,769 DEBUG    urllib3.connectionpool https://dl.google.com:443 "GET /dl/cloudsdk/channels/rapid/components-2.json HTTP/1.1" 200 176227
2022-01-06 12:07:20,856 DEBUG    root            Updating notification cache...
2022-01-06 12:07:20,856 DEBUG    root            Activating notification: [default]
2022-01-06 12:07:20,856 INFO     ___FILE_ONLY___ 

Updates are available for some Cloud SDK components.  To install them,
please run:
  $ gcloud components update


2022-01-06 12:07:20,859 INFO     ___FILE_ONLY___ 

To take a quick anonymous survey, run:
  $ gcloud survey


