2022-01-06 12:27:44,486 DEBUG    root            Loaded Command Group: ['gcloud', 'auth']
2022-01-06 12:27:44,489 DEBUG    root            Loaded Command Group: ['gcloud', 'auth', 'list']
2022-01-06 12:27:44,490 DEBUG    root            Running [gcloud.auth.list] with arguments: []
2022-01-06 12:27:44,491 INFO     root            Display format: "    table[title='Credentialed Accounts'](
        status.yesno(yes='*', no=''):label=ACTIVE,
        account
    )"
2022-01-06 12:27:44,492 INFO     ___FILE_ONLY___        Credentialed Accounts
2022-01-06 12:27:44,492 INFO     ___FILE_ONLY___ 

2022-01-06 12:27:44,492 INFO     ___FILE_ONLY___ ACTIVE
2022-01-06 12:27:44,492 INFO     ___FILE_ONLY___   
2022-01-06 12:27:44,492 INFO     ___FILE_ONLY___ ACCOUNT
2022-01-06 12:27:44,492 INFO     ___FILE_ONLY___ 

2022-01-06 12:27:44,492 INFO     ___FILE_ONLY___ *
2022-01-06 12:27:44,492 INFO     ___FILE_ONLY___        
2022-01-06 12:27:44,492 INFO     ___FILE_ONLY___ andrey-parkhomenko@idexx.com
2022-01-06 12:27:44,492 INFO     ___FILE_ONLY___ 

2022-01-06 12:27:44,492 INFO     ___FILE_ONLY___ 
To set the active account, run:
    $ gcloud config set account `ACCOUNT`


