2022-01-06 12:20:25,005 DEBUG    root            Loaded Command Group: ['gcloud', 'auth']
2022-01-06 12:20:25,034 DEBUG    root            Loaded Command Group: ['gcloud', 'auth', 'login']
2022-01-06 12:20:25,035 DEBUG    root            Running [gcloud.auth.login] with arguments: []
2022-01-06 12:20:25,041 DEBUG    requests_oauthlib.oauth2_session Generated new state KkLjZGtZpbD3L2vB51kDHyTQpXV9Ec.
2022-01-06 12:20:25,269 INFO     ___FILE_ONLY___ Your browser has been opened to visit:

    https://accounts.google.com/o/oauth2/auth?response_type=code&client_id=32555940559.apps.googleusercontent.com&redirect_uri=http%3A%2F%2Flocalhost%3A8085%2F&scope=openid+https%3A%2F%2Fwww.googleapis.com%2Fauth%2Fuserinfo.email+https%3A%2F%2Fwww.googleapis.com%2Fauth%2Fcloud-platform+https%3A%2F%2Fwww.googleapis.com%2Fauth%2Fappengine.admin+https%3A%2F%2Fwww.googleapis.com%2Fauth%2Fcompute+https%3A%2F%2Fwww.googleapis.com%2Fauth%2Faccounts.reauth&state=KkLjZGtZpbD3L2vB51kDHyTQpXV9Ec&access_type=offline&code_challenge=3TcdK8saZbRZrASXVJJ-fRieC8rjGydLvIEx1seY2CA&code_challenge_method=S256


2022-01-06 12:20:30,320 INFO     google_auth_oauthlib.flow "GET /?state=KkLjZGtZpbD3L2vB51kDHyTQpXV9Ec&code=4/0AX4XfWjsoqasWQUJj47jCe8-sJDjexKcq6X1Jjg3E5MmQPOampPe9lilFR5elPKRvoSzZg&scope=email%20openid%20https://www.googleapis.com/auth/userinfo.email%20https://www.googleapis.com/auth/cloud-platform%20https://www.googleapis.com/auth/appengine.admin%20https://www.googleapis.com/auth/compute%20https://www.googleapis.com/auth/accounts.reauth&authuser=0&hd=idexx.com&prompt=consent HTTP/1.1" 200 959
2022-01-06 12:20:30,322 DEBUG    requests_oauthlib.oauth2_session Requesting url https://oauth2.googleapis.com/token using method POST.
2022-01-06 12:20:30,322 DEBUG    requests_oauthlib.oauth2_session Supplying headers {b'Accept': b'application/json', b'Content-Type': b'application/x-www-form-urlencoded;charset=UTF-8', b'user-agent': b'google-cloud-sdk gcloud/350.0.0 command/gcloud.auth.login invocation-id/590b9812de31451aa31f4f2fc8a5ff38 environment/None environment-version/None interactive/True from-script/False python/3.9.7 term/xterm-256color (Macintosh; Intel Mac OS X 20.6.0)'} and data {'grant_type': 'authorization_code', 'client_id': '32555940559.apps.googleusercontent.com', 'client_secret': 'ZmssLNjJy2998hD4CTg2ejr2', 'code': '4/0AX4XfWjsoqasWQUJj47jCe8-sJDjexKcq6X1Jjg3E5MmQPOampPe9lilFR5elPKRvoSzZg', 'redirect_uri': 'http://localhost:8085/', 'code_verifier': 'xF2tDe8c_Y75wX7EwRnGf7K-epS4SdR3xvjzKQKnUWeGt-8owz1wxK3D86Gr0GPo2_B0GkEe9EWAhRa_yE~yGM1tzo9s8T64B6gvDE-Lf_vUTIZvpv2L4sTSARNF8mT5'}
2022-01-06 12:20:30,322 DEBUG    requests_oauthlib.oauth2_session Passing through key word arguments {'json': None, 'timeout': None, 'auth': None, 'verify': True, 'proxies': None}.
2022-01-06 12:20:30,339 DEBUG    urllib3.connectionpool Starting new HTTPS connection (1): oauth2.googleapis.com:443
2022-01-06 12:20:30,532 DEBUG    urllib3.connectionpool https://oauth2.googleapis.com:443 "POST /token HTTP/1.1" 200 None
2022-01-06 12:20:30,557 DEBUG    requests_oauthlib.oauth2_session Prepared fetch token request body grant_type=authorization_code&client_id=32555940559.apps.googleusercontent.com&client_secret=ZmssLNjJy2998hD4CTg2ejr2&code=4%2F0AX4XfWjsoqasWQUJj47jCe8-sJDjexKcq6X1Jjg3E5MmQPOampPe9lilFR5elPKRvoSzZg&redirect_uri=http%3A%2F%2Flocalhost%3A8085%2F&code_verifier=xF2tDe8c_Y75wX7EwRnGf7K-epS4SdR3xvjzKQKnUWeGt-8owz1wxK3D86Gr0GPo2_B0GkEe9EWAhRa_yE~yGM1tzo9s8T64B6gvDE-Lf_vUTIZvpv2L4sTSARNF8mT5
2022-01-06 12:20:30,558 DEBUG    requests_oauthlib.oauth2_session Request to fetch token completed with status 200.
2022-01-06 12:20:30,558 DEBUG    requests_oauthlib.oauth2_session Request headers were {'user-agent': b'google-cloud-sdk gcloud/350.0.0 command/gcloud.auth.login invocation-id/590b9812de31451aa31f4f2fc8a5ff38 environment/None environment-version/None interactive/True from-script/False python/3.9.7 term/xterm-256color (Macintosh; Intel Mac OS X 20.6.0)', 'Accept-Encoding': 'gzip, deflate', 'Accept': b'application/json', 'Connection': 'keep-alive', 'Content-Type': b'application/x-www-form-urlencoded;charset=UTF-8', 'Content-Length': '387'}
2022-01-06 12:20:30,558 DEBUG    requests_oauthlib.oauth2_session Request body was grant_type=authorization_code&client_id=32555940559.apps.googleusercontent.com&client_secret=ZmssLNjJy2998hD4CTg2ejr2&code=4%2F0AX4XfWjsoqasWQUJj47jCe8-sJDjexKcq6X1Jjg3E5MmQPOampPe9lilFR5elPKRvoSzZg&redirect_uri=http%3A%2F%2Flocalhost%3A8085%2F&code_verifier=xF2tDe8c_Y75wX7EwRnGf7K-epS4SdR3xvjzKQKnUWeGt-8owz1wxK3D86Gr0GPo2_B0GkEe9EWAhRa_yE~yGM1tzo9s8T64B6gvDE-Lf_vUTIZvpv2L4sTSARNF8mT5
2022-01-06 12:20:30,558 DEBUG    requests_oauthlib.oauth2_session Response headers were {'Date': 'Thu, 06 Jan 2022 10:20:30 GMT', 'Pragma': 'no-cache', 'Expires': 'Mon, 01 Jan 1990 00:00:00 GMT', 'Cache-Control': 'no-cache, no-store, max-age=0, must-revalidate', 'Content-Type': 'application/json; charset=utf-8', 'Vary': 'Origin, X-Origin, Referer', 'Content-Encoding': 'gzip', 'Server': 'scaffolding on HTTPServer2', 'X-XSS-Protection': '0', 'X-Frame-Options': 'SAMEORIGIN', 'X-Content-Type-Options': 'nosniff', 'Alt-Svc': 'h3=":443"; ma=2592000,h3-29=":443"; ma=2592000,h3-Q050=":443"; ma=2592000,h3-Q046=":443"; ma=2592000,h3-Q043=":443"; ma=2592000,quic=":443"; ma=2592000; v="46,43"', 'Transfer-Encoding': 'chunked'} and content {
  "access_token": "ya29.a0ARrdaM_kcIK7ym0ukfaj0zoSnSB0tX8FPmKPDP3KxKK-4nr8F60fVh6jNuRy2VUZq3rrEIhsz0umOt6TT9ptvQMrYAs9q3WAxRTQWac0n3QCYuAQatYqztKq-5dAMcYjbxWOpfJjq8V7kitpPrNQQ1q9fDmpQC2tZnBz",
  "expires_in": 3599,
  "refresh_token": "1//09MUAuH8VXnoRCgYIARAAGAkSNwF-L9IrDNOOu6ah7BaZSC-K3MLWHRdpt5WdXxGFehlkxUSjhtxvrLq8RJ-oUtEL26xUsco5gHo",
  "scope": "openid https://www.googleapis.com/auth/appengine.admin https://www.googleapis.com/auth/compute https://www.googleapis.com/auth/userinfo.email https://www.googleapis.com/auth/accounts.reauth https://www.googleapis.com/auth/cloud-platform",
  "token_type": "Bearer",
  "id_token": "eyJhbGciOiJSUzI1NiIsImtpZCI6ImQwMWMxYWJlMjQ5MjY5ZjcyZWY3Y2EyNjEzYTg2YzlmMDVlNTk1NjciLCJ0eXAiOiJKV1QifQ.eyJpc3MiOiJodHRwczovL2FjY291bnRzLmdvb2dsZS5jb20iLCJhenAiOiIzMjU1NTk0MDU1OS5hcHBzLmdvb2dsZXVzZXJjb250ZW50LmNvbSIsImF1ZCI6IjMyNTU1OTQwNTU5LmFwcHMuZ29vZ2xldXNlcmNvbnRlbnQuY29tIiwic3ViIjoiMTE0NTQ1NDQ1MjI5Nzc0Mzc2OTQwIiwiaGQiOiJpZGV4eC5jb20iLCJlbWFpbCI6ImFuZHJleS1wYXJraG9tZW5rb0BpZGV4eC5jb20iLCJlbWFpbF92ZXJpZmllZCI6dHJ1ZSwiYXRfaGFzaCI6IjJwZ01rU1poR2lnYTd0eGxlaHJOWGciLCJpYXQiOjE2NDE0NjQ0MzAsImV4cCI6MTY0MTQ2ODAzMH0.tkMGYWfnFw2jThBgX8Yo3r52Rx7bgWugEyES415LuyWFycFobmyC3GABiG29mQ2diklTcMJXJmOQRtvJ9KQoOInyTXSP--q5G2DaDAe7EDBE__8L5q2SgmcbiZCI8QNkUztnOinWp0yFwJsHgw159b1xm4D5uKIeDp9Qn_KYUQCy3qkM3Zz8-Fj1ZWPM1oRYRovUPRCbSjz3EuBGS9kgaqcsXNQygmlj0hEV8L8jMcs3dJwx1WDX5wVlsg5jYspR3R-7waB4lNgOZ-M3KKsnVMPaVqF4gbQp8baKZLE0FMsbP1DkGqwUI748zCeqXUCl0XDx1U3ZF138oVUmnJZjqg"
}.
2022-01-06 12:20:30,558 DEBUG    requests_oauthlib.oauth2_session Invoking 0 token response hooks.
2022-01-06 12:20:30,558 DEBUG    requests_oauthlib.oauth2_session Obtained token {'access_token': 'ya29.a0ARrdaM_kcIK7ym0ukfaj0zoSnSB0tX8FPmKPDP3KxKK-4nr8F60fVh6jNuRy2VUZq3rrEIhsz0umOt6TT9ptvQMrYAs9q3WAxRTQWac0n3QCYuAQatYqztKq-5dAMcYjbxWOpfJjq8V7kitpPrNQQ1q9fDmpQC2tZnBz', 'expires_in': 3599, 'refresh_token': '1//09MUAuH8VXnoRCgYIARAAGAkSNwF-L9IrDNOOu6ah7BaZSC-K3MLWHRdpt5WdXxGFehlkxUSjhtxvrLq8RJ-oUtEL26xUsco5gHo', 'scope': ['openid', 'https://www.googleapis.com/auth/appengine.admin', 'https://www.googleapis.com/auth/compute', 'https://www.googleapis.com/auth/userinfo.email', 'https://www.googleapis.com/auth/accounts.reauth', 'https://www.googleapis.com/auth/cloud-platform'], 'token_type': 'Bearer', 'id_token': 'eyJhbGciOiJSUzI1NiIsImtpZCI6ImQwMWMxYWJlMjQ5MjY5ZjcyZWY3Y2EyNjEzYTg2YzlmMDVlNTk1NjciLCJ0eXAiOiJKV1QifQ.eyJpc3MiOiJodHRwczovL2FjY291bnRzLmdvb2dsZS5jb20iLCJhenAiOiIzMjU1NTk0MDU1OS5hcHBzLmdvb2dsZXVzZXJjb250ZW50LmNvbSIsImF1ZCI6IjMyNTU1OTQwNTU5LmFwcHMuZ29vZ2xldXNlcmNvbnRlbnQuY29tIiwic3ViIjoiMTE0NTQ1NDQ1MjI5Nzc0Mzc2OTQwIiwiaGQiOiJpZGV4eC5jb20iLCJlbWFpbCI6ImFuZHJleS1wYXJraG9tZW5rb0BpZGV4eC5jb20iLCJlbWFpbF92ZXJpZmllZCI6dHJ1ZSwiYXRfaGFzaCI6IjJwZ01rU1poR2lnYTd0eGxlaHJOWGciLCJpYXQiOjE2NDE0NjQ0MzAsImV4cCI6MTY0MTQ2ODAzMH0.tkMGYWfnFw2jThBgX8Yo3r52Rx7bgWugEyES415LuyWFycFobmyC3GABiG29mQ2diklTcMJXJmOQRtvJ9KQoOInyTXSP--q5G2DaDAe7EDBE__8L5q2SgmcbiZCI8QNkUztnOinWp0yFwJsHgw159b1xm4D5uKIeDp9Qn_KYUQCy3qkM3Zz8-Fj1ZWPM1oRYRovUPRCbSjz3EuBGS9kgaqcsXNQygmlj0hEV8L8jMcs3dJwx1WDX5wVlsg5jYspR3R-7waB4lNgOZ-M3KKsnVMPaVqF4gbQp8baKZLE0FMsbP1DkGqwUI748zCeqXUCl0XDx1U3ZF138oVUmnJZjqg', 'expires_at': 1641468029.558908}.
2022-01-06 12:20:30,579 INFO     ___FILE_ONLY___ 
You are now logged in as [andrey-parkhomenko@idexx.com].
Your current project is [gdos-tf913ab9-exp].  You can change this setting by running:
  $ gcloud config set project PROJECT_ID

2022-01-06 12:20:30,580 INFO     root            Display format: "none"
